<?xml version="1.0" encoding="UTF-8"?>
<!-- Generated by org.testng.reporters.JUnitXMLReporter -->
<testsuite hostname="DESKTOP-31NDUPP" ignored="2" name="Test" tests="2" failures="0" timestamp="2021-12-30T18:03:16 IST" time="0.1" errors="0">
  <testcase name="createContactTest" time="0.016" classname="contact.CreateContactTest"/>
  <testcase name="createOrg" time="0.0" classname="oraganisation.CreateOrgTest"/>
  <testcase name="createOrg2" time="0.0" classname="oraganisation.CreateOrgTest">
    <ignored/>
  </testcase> <!-- createOrg2 -->
  <testcase name="createContactTest2" time="0.0" classname="contact.CreateContactTest">
    <ignored/>
  </testcase> <!-- createContactTest2 -->
</testsuite> <!-- Test -->
