<?xml version="1.0" encoding="UTF-8"?>
<testng-results skipped="0" failed="0" ignored="2" total="4" passed="2">
  <reporter-output>
  </reporter-output>
  <suite name="Suite" duration-ms="100" started-at="2021-12-30T18:03:16 IST" finished-at="2021-12-30T18:03:16 IST">
    <groups>
      <group name="smokeTest">
        <method signature="CreateContactTest.createContactTest()[pri:0, instance:contact.CreateContactTest@7a1ebcd8]" name="createContactTest" class="contact.CreateContactTest"/>
        <method signature="CreateOrgTest.createOrg()[pri:0, instance:oraganisation.CreateOrgTest@78e67e0a]" name="createOrg" class="oraganisation.CreateOrgTest"/>
      </group> <!-- smokeTest -->
    </groups>
    <test name="Test" duration-ms="100" started-at="2021-12-30T18:03:16 IST" finished-at="2021-12-30T18:03:16 IST">
      <class name="contact.CreateContactTest">
        <test-method status="PASS" signature="createContactTest()[pri:0, instance:contact.CreateContactTest@7a1ebcd8]" name="createContactTest" duration-ms="16" started-at="2021-12-30T18:03:16 IST" finished-at="2021-12-30T18:03:16 IST">
          <reporter-output>
          </reporter-output>
        </test-method> <!-- createContactTest -->
      </class> <!-- contact.CreateContactTest -->
      <class name="oraganisation.CreateOrgTest">
        <test-method status="PASS" signature="createOrg()[pri:0, instance:oraganisation.CreateOrgTest@78e67e0a]" name="createOrg" duration-ms="0" started-at="2021-12-30T18:03:16 IST" finished-at="2021-12-30T18:03:16 IST">
          <reporter-output>
          </reporter-output>
        </test-method> <!-- createOrg -->
      </class> <!-- oraganisation.CreateOrgTest -->
    </test> <!-- Test -->
  </suite> <!-- Suite -->
</testng-results>
